2023-02-16T11:11:32+00:00 INFO {"url":"cat-accessories.jpg","data":{"errors":{"http_request_failed":["cURL error 28: Resolving timed out after 5013 milliseconds"]},"error_data":[]}}
2023-02-16T11:11:43+00:00 INFO {"url":"cat-accessories.jpg","data":{"errors":{"http_request_failed":["cURL error 28: Resolving timed out after 5004 milliseconds"]},"error_data":[]}}
2023-02-16T11:11:54+00:00 INFO {"url":"cat-accessories.jpg","data":{"errors":{"http_request_failed":["cURL error 28: Resolving timed out after 5005 milliseconds"]},"error_data":[]}}
2023-02-16T11:12:05+00:00 INFO {"url":"wood-logo-dark.svg","data":{"errors":{"http_request_failed":["cURL error 28: Resolving timed out after 5012 milliseconds"]},"error_data":[]}}
2023-02-16T11:12:16+00:00 INFO {"url":"wood-logo-dark.svg","data":{"errors":{"http_request_failed":["cURL error 28: Resolving timed out after 5001 milliseconds"]},"error_data":[]}}
2023-02-16T11:12:27+00:00 INFO {"url":"wood-logo-dark.svg","data":{"errors":{"http_request_failed":["cURL error 28: Resolving timed out after 5012 milliseconds"]},"error_data":[]}}
2023-02-16T11:12:38+00:00 INFO {"url":"wood-logo-white-reserve.svg","data":{"errors":{"http_request_failed":["cURL error 28: Resolving timed out after 5014 milliseconds"]},"error_data":[]}}
2023-02-16T11:12:50+00:00 INFO {"url":"wood-logo-white-reserve.svg","data":{"errors":{"http_request_failed":["cURL error 28: Resolving timed out after 5014 milliseconds"]},"error_data":[]}}
2023-02-16T11:13:01+00:00 INFO {"url":"wood-logo-white-reserve.svg","data":{"errors":{"http_request_failed":["cURL error 28: Resolving timed out after 5013 milliseconds"]},"error_data":[]}}
2023-02-16T11:13:12+00:00 INFO {"url":"wood-o-background.svg","data":{"errors":{"http_request_failed":["cURL error 28: Resolving timed out after 5012 milliseconds"]},"error_data":[]}}
2023-02-16T11:13:23+00:00 INFO {"url":"wood-o-background.svg","data":{"errors":{"http_request_failed":["cURL error 28: Resolving timed out after 5014 milliseconds"]},"error_data":[]}}
2023-02-16T11:13:34+00:00 INFO {"url":"wood-o-background.svg","data":{"errors":{"http_request_failed":["cURL error 28: Resolving timed out after 5009 milliseconds"]},"error_data":[]}}
2023-02-16T11:13:45+00:00 INFO {"url":"cat-clocks.jpg","data":{"errors":{"http_request_failed":["cURL error 28: Resolving timed out after 5006 milliseconds"]},"error_data":[]}}
2023-02-16T11:13:56+00:00 INFO {"url":"cat-clocks.jpg","data":{"errors":{"http_request_failed":["cURL error 28: Resolving timed out after 5014 milliseconds"]},"error_data":[]}}
2023-02-16T11:14:08+00:00 INFO {"url":"cat-clocks.jpg","data":{"errors":{"http_request_failed":["cURL error 28: Resolving timed out after 5010 milliseconds"]},"error_data":[]}}
2023-02-16T11:14:19+00:00 INFO {"url":"cat-furniture.jpg","data":{"errors":{"http_request_failed":["cURL error 28: Resolving timed out after 5012 milliseconds"]},"error_data":[]}}
2023-02-16T11:14:30+00:00 INFO {"url":"cat-furniture.jpg","data":{"errors":{"http_request_failed":["cURL error 28: Resolving timed out after 5002 milliseconds"]},"error_data":[]}}
2023-02-16T11:14:41+00:00 INFO {"url":"cat-furniture.jpg","data":{"errors":{"http_request_failed":["cURL error 28: Resolving timed out after 5005 milliseconds"]},"error_data":[]}}
2023-02-16T11:14:52+00:00 INFO {"url":"page-title-cat-furniture.jpg","data":{"errors":{"http_request_failed":["cURL error 28: Resolving timed out after 5003 milliseconds"]},"error_data":[]}}
2023-02-16T11:15:03+00:00 INFO {"url":"page-title-cat-furniture.jpg","data":{"errors":{"http_request_failed":["cURL error 28: Resolving timed out after 5005 milliseconds"]},"error_data":[]}}
2023-02-16T11:15:14+00:00 INFO {"url":"page-title-cat-furniture.jpg","data":{"errors":{"http_request_failed":["cURL error 28: Resolving timed out after 5010 milliseconds"]},"error_data":[]}}
2023-02-16T11:15:26+00:00 INFO {"url":"cat-lighting.jpg","data":{"errors":{"http_request_failed":["cURL error 28: Resolving timed out after 5002 milliseconds"]},"error_data":[]}}
2023-02-16T11:15:37+00:00 INFO {"url":"brand-Joseph-Joseph.png","data":{"errors":{"http_request_failed":["cURL error 28: Resolving timed out after 5008 milliseconds"]},"error_data":[]}}
2023-02-16T11:15:48+00:00 INFO {"url":"wooden-single-drawer.jpg","data":{"errors":{"http_request_failed":["cURL error 28: Resolving timed out after 5010 milliseconds"]},"error_data":[]}}
2023-02-16T11:15:59+00:00 INFO {"url":"wooden-single-drawer.jpg","data":{"errors":{"http_request_failed":["cURL error 28: Resolving timed out after 5000 milliseconds"]},"error_data":[]}}
2023-02-16T11:16:10+00:00 INFO {"url":"wooden-single-drawer.jpg","data":{"errors":{"http_request_failed":["cURL error 28: Resolving timed out after 5010 milliseconds"]},"error_data":[]}}
2023-02-16T11:16:21+00:00 INFO {"url":"wd-product-bg-columns-1.jpg","data":{"errors":{"http_request_failed":["cURL error 28: Resolving timed out after 5012 milliseconds"]},"error_data":[]}}
2023-02-16T11:16:32+00:00 INFO {"url":"furniture-sizes.jpg","data":{"errors":{"http_request_failed":["cURL error 28: Resolving timed out after 5010 milliseconds"]},"error_data":[]}}
2023-02-16T11:16:43+00:00 INFO {"url":"furniture-sizes.jpg","data":{"errors":{"http_request_failed":["cURL error 28: Resolving timed out after 5003 milliseconds"]},"error_data":[]}}
2023-02-16T11:16:55+00:00 INFO {"url":"furniture-sizes.jpg","data":{"errors":{"http_request_failed":["cURL error 28: Resolving timed out after 5009 milliseconds"]},"error_data":[]}}
2023-02-16T11:17:06+00:00 INFO {"url":"cat-flower.svg","data":{"errors":{"http_request_failed":["cURL error 28: Resolving timed out after 5001 milliseconds"]},"error_data":[]}}
2023-02-16T11:17:17+00:00 INFO {"url":"cat-flower.svg","data":{"errors":{"http_request_failed":["cURL error 28: Resolving timed out after 5009 milliseconds"]},"error_data":[]}}
2023-02-16T11:17:28+00:00 INFO {"url":"cat-flower.svg","data":{"errors":{"http_request_failed":["cURL error 28: Resolving timed out after 5002 milliseconds"]},"error_data":[]}}
2023-02-16T11:17:39+00:00 INFO {"url":"cat-light-bulb.svg","data":{"errors":{"http_request_failed":["cURL error 28: Resolving timed out after 5000 milliseconds"]},"error_data":[]}}
2023-02-16T11:17:50+00:00 INFO {"url":"cat-light-bulb.svg","data":{"errors":{"http_request_failed":["cURL error 28: Resolving timed out after 5012 milliseconds"]},"error_data":[]}}
2023-02-16T11:17:50+00:00 INFO {"url":"cat-accessories.jpg","data":{"errors":{"http_request_failed":["cURL error 28: Resolving timed out after 5013 milliseconds"]},"error_data":[]}}
2023-02-16T11:18:01+00:00 INFO {"url":"cat-light-bulb.svg","data":{"errors":{"http_request_failed":["cURL error 28: Resolving timed out after 5007 milliseconds"]},"error_data":[]}}
2023-02-16T11:18:01+00:00 INFO {"url":"cat-accessories.jpg","data":{"errors":{"http_request_failed":["cURL error 28: Resolving timed out after 5005 milliseconds"]},"error_data":[]}}
2023-02-16T11:18:13+00:00 INFO {"url":"cat-accessories.jpg","data":{"errors":{"http_request_failed":["cURL error 28: Resolving timed out after 5001 milliseconds"]},"error_data":[]}}
2023-02-16T11:18:13+00:00 INFO {"url":"cat-rocking-horse.svg","data":{"errors":{"http_request_failed":["cURL error 28: Resolving timed out after 5011 milliseconds"]},"error_data":[]}}
2023-02-16T11:18:24+00:00 INFO {"url":"cat-clocks.jpg","data":{"errors":{"http_request_failed":["cURL error 28: Resolving timed out after 5000 milliseconds"]},"error_data":[]}}
2023-02-16T11:18:24+00:00 INFO {"url":"flower.svg","data":{"errors":{"http_request_failed":["cURL error 28: Resolving timed out after 5004 milliseconds"]},"error_data":[]}}
2023-02-16T11:18:35+00:00 INFO {"url":"cat-flower.svg","data":{"errors":{"http_request_failed":["cURL error 28: Resolving timed out after 5000 milliseconds"]},"error_data":[]}}
2023-02-16T11:18:35+00:00 INFO {"url":"portfolio-3.jpg","data":{"errors":{"http_request_failed":["cURL error 28: Resolving timed out after 5008 milliseconds"]},"error_data":[]}}
2023-02-16T11:18:40+00:00 INFO {"url":"portfolio-3.jpg","data":{"errors":{"http_request_failed":["cURL error 28: Operation timed out after 5007 milliseconds with 0 out of 0 bytes received"]},"error_data":[]}}
2023-02-16T11:18:40+00:00 INFO {"url":"cat-flower.svg","data":{"errors":{"http_request_failed":["cURL error 28: Operation timed out after 5007 milliseconds with 0 out of 0 bytes received"]},"error_data":[]}}
2023-02-16T11:18:46+00:00 INFO {"url":"cat-flower.svg","data":{"errors":{"http_request_failed":["cURL error 28: Resolving timed out after 5010 milliseconds"]},"error_data":[]}}
2023-02-16T11:18:46+00:00 INFO {"url":"portfolio-3.jpg","data":{"errors":{"http_request_failed":["cURL error 28: Resolving timed out after 5010 milliseconds"]},"error_data":[]}}
2023-02-16T11:18:57+00:00 INFO {"url":"portfolio-9.jpg","data":{"errors":{"http_request_failed":["cURL error 28: Resolving timed out after 5008 milliseconds"]},"error_data":[]}}
2023-02-16T11:18:57+00:00 INFO {"url":"portfolio-9.jpg","data":{"errors":{"http_request_failed":["cURL error 28: Resolving timed out after 5010 milliseconds"]},"error_data":[]}}
2023-02-16T11:19:08+00:00 INFO {"url":"wd-blog-2.jpg","data":{"errors":{"http_request_failed":["cURL error 28: Resolving timed out after 5010 milliseconds"]},"error_data":[]}}
2023-02-16T11:19:08+00:00 INFO {"url":"wd-blog-2.jpg","data":{"errors":{"http_request_failed":["cURL error 28: Resolving timed out after 5003 milliseconds"]},"error_data":[]}}
2023-02-16T11:19:20+00:00 INFO {"url":"wd-blog-8.jpg","data":{"errors":{"http_request_failed":["cURL error 28: Resolving timed out after 5001 milliseconds"]},"error_data":[]}}
2023-02-16T11:19:20+00:00 INFO {"url":"wd-blog-8.jpg","data":{"errors":{"http_request_failed":["cURL error 28: Operation timed out after 5000 milliseconds with 0 out of 0 bytes received"]},"error_data":[]}}
2023-02-16T11:19:31+00:00 INFO {"url":"post-1-img-4.jpg","data":{"errors":{"http_request_failed":["cURL error 28: Operation timed out after 5010 milliseconds with 0 out of 0 bytes received"]},"error_data":[]}}
2023-02-16T11:19:31+00:00 INFO {"url":"post-1-img-4.jpg","data":{"errors":{"http_request_failed":["cURL error 28: Operation timed out after 5012 milliseconds with 0 bytes received"]},"error_data":[]}}
2023-02-16T11:19:42+00:00 INFO {"url":"cat-menu-furniture-1.jpg","data":{"errors":{"http_request_failed":["cURL error 28: Resolving timed out after 5011 milliseconds"]},"error_data":[]}}
2023-02-16T11:19:42+00:00 INFO {"url":"cat-menu-furniture-1.jpg","data":{"errors":{"http_request_failed":["cURL error 28: Resolving timed out after 5001 milliseconds"]},"error_data":[]}}
2023-02-16T11:19:53+00:00 INFO {"url":"size-guide-2.svg","data":{"errors":{"http_request_failed":["cURL error 28: Resolving timed out after 5007 milliseconds"]},"error_data":[]}}
2023-02-16T11:20:04+00:00 INFO {"url":"size-guide-2.svg","data":{"errors":{"http_request_failed":["cURL error 28: Resolving timed out after 5011 milliseconds"]},"error_data":[]}}
2023-02-16T11:20:15+00:00 INFO {"url":"size-guide-2.svg","data":{"errors":{"http_request_failed":["cURL error 28: Resolving timed out after 5014 milliseconds"]},"error_data":[]}}
2023-02-16T11:20:15+00:00 INFO {"url":"size-guide-2.svg","data":{"errors":{"http_request_failed":["cURL error 28: Resolving timed out after 5014 milliseconds"]},"error_data":[]}}
2023-02-16T11:20:27+00:00 INFO {"url":"size-guide-3.svg","data":{"errors":{"http_request_failed":["cURL error 28: Resolving timed out after 5002 milliseconds"]},"error_data":[]}}
2023-02-16T11:20:27+00:00 INFO {"url":"size-guide-3.svg","data":{"errors":{"http_request_failed":["cURL error 28: Resolving timed out after 5002 milliseconds"]},"error_data":[]}}
2023-02-16T11:20:38+00:00 INFO {"url":"size-guide-3.svg","data":{"errors":{"http_request_failed":["cURL error 28: Resolving timed out after 5000 milliseconds"]},"error_data":[]}}
2023-02-16T11:20:38+00:00 INFO {"url":"size-guide-3.svg","data":{"errors":{"http_request_failed":["cURL error 28: Resolving timed out after 5001 milliseconds"]},"error_data":[]}}
2023-02-16T11:20:49+00:00 INFO {"url":"size-guide-3.svg","data":{"errors":{"http_request_failed":["cURL error 28: Resolving timed out after 5003 milliseconds"]},"error_data":[]}}
2023-02-16T11:20:49+00:00 INFO {"url":"size-guide-3.svg","data":{"errors":{"http_request_failed":["cURL error 28: Resolving timed out after 5003 milliseconds"]},"error_data":[]}}
2023-02-16T11:21:00+00:00 INFO {"url":"cat-menu-furniture-2.jpg","data":{"errors":{"http_request_failed":["cURL error 28: Resolving timed out after 5005 milliseconds"]},"error_data":[]}}
2023-02-16T11:21:00+00:00 INFO {"url":"cat-menu-furniture-2.jpg","data":{"errors":{"http_request_failed":["cURL error 28: Resolving timed out after 5013 milliseconds"]},"error_data":[]}}
2023-02-16T11:21:11+00:00 INFO {"url":"cat-menu-furniture-2.jpg","data":{"errors":{"http_request_failed":["cURL error 28: Resolving timed out after 5015 milliseconds"]},"error_data":[]}}
2023-02-16T11:21:11+00:00 INFO {"url":"cat-menu-furniture-2.jpg","data":{"errors":{"http_request_failed":["cURL error 28: Resolving timed out after 5015 milliseconds"]},"error_data":[]}}
2023-02-16T11:21:23+00:00 INFO {"url":"cat-menu-furniture-2.jpg","data":{"errors":{"http_request_failed":["cURL error 28: Resolving timed out after 5009 milliseconds"]},"error_data":[]}}
2023-02-16T11:21:23+00:00 INFO {"url":"cat-menu-furniture-2.jpg","data":{"errors":{"http_request_failed":["cURL error 28: Resolving timed out after 5009 milliseconds"]},"error_data":[]}}
2023-02-16T11:21:34+00:00 INFO {"url":"cat-menu-furniture-3.jpg","data":{"errors":{"http_request_failed":["cURL error 28: Resolving timed out after 5005 milliseconds"]},"error_data":[]}}
2023-02-16T11:21:34+00:00 INFO {"url":"cat-menu-furniture-3.jpg","data":{"errors":{"http_request_failed":["cURL error 28: Resolving timed out after 5005 milliseconds"]},"error_data":[]}}
2023-02-16T11:21:45+00:00 INFO {"url":"cat-menu-furniture-3.jpg","data":{"errors":{"http_request_failed":["cURL error 28: Resolving timed out after 5001 milliseconds"]},"error_data":[]}}
2023-02-16T11:21:56+00:00 INFO {"url":"about-us-3-team-member-3.jpg","data":{"errors":{"http_request_failed":["cURL error 28: Resolving timed out after 5011 milliseconds"]},"error_data":[]}}
2023-02-16T11:21:56+00:00 INFO {"url":"about-us-3-team-member-3.jpg","data":{"errors":{"http_request_failed":["cURL error 28: Resolving timed out after 5012 milliseconds"]},"error_data":[]}}
2023-02-16T11:22:07+00:00 INFO {"url":"about-us-3-video-2.jpg","data":{"errors":{"http_request_failed":["cURL error 28: Resolving timed out after 5009 milliseconds"]},"error_data":[]}}
2023-02-16T11:22:07+00:00 INFO {"url":"about-us-3-video-2.jpg","data":{"errors":{"http_request_failed":["cURL error 28: Resolving timed out after 5010 milliseconds"]},"error_data":[]}}
2023-02-16T11:22:18+00:00 INFO {"url":"about-us-3-video-2.jpg","data":{"errors":{"http_request_failed":["cURL error 28: Resolving timed out after 5007 milliseconds"]},"error_data":[]}}
2023-02-16T11:22:18+00:00 INFO {"url":"about-us-3-video-2.jpg","data":{"errors":{"http_request_failed":["cURL error 28: Resolving timed out after 5007 milliseconds"]},"error_data":[]}}
2023-02-16T11:22:29+00:00 INFO {"url":"about-us-3-video-2.jpg","data":{"errors":{"http_request_failed":["cURL error 28: Resolving timed out after 5013 milliseconds"]},"error_data":[]}}
2023-02-16T11:22:29+00:00 INFO {"url":"about-us-3-video-2.jpg","data":{"errors":{"http_request_failed":["cURL error 28: Resolving timed out after 5014 milliseconds"]},"error_data":[]}}
2023-02-16T11:22:41+00:00 INFO {"url":"classic-wooden-chair-img-logo.png","data":{"errors":{"http_request_failed":["cURL error 28: Resolving timed out after 5012 milliseconds"]},"error_data":[]}}
2023-02-16T11:22:52+00:00 INFO {"url":"classic-wooden-chair-img-logo.png","data":{"errors":{"http_request_failed":["cURL error 28: Resolving timed out after 5013 milliseconds"]},"error_data":[]}}
2023-02-16T11:22:52+00:00 INFO {"url":"classic-wooden-chair-img-logo.png","data":{"errors":{"http_request_failed":["cURL error 28: Resolving timed out after 5013 milliseconds"]},"error_data":[]}}
2023-02-16T11:23:03+00:00 INFO {"url":"classic-wooden-chair-img-logo.png","data":{"errors":{"http_request_failed":["cURL error 28: Resolving timed out after 5011 milliseconds"]},"error_data":[]}}
2023-02-16T11:23:03+00:00 INFO {"url":"classic-wooden-chair-img-logo.png","data":{"errors":{"http_request_failed":["cURL error 28: Resolving timed out after 5011 milliseconds"]},"error_data":[]}}
2023-02-16T11:23:14+00:00 INFO {"url":"brand-witra.png","data":{"errors":{"http_request_failed":["cURL error 28: Resolving timed out after 5003 milliseconds"]},"error_data":[]}}
2023-02-16T11:23:14+00:00 INFO {"url":"brand-witra.png","data":{"errors":{"http_request_failed":["cURL error 28: Resolving timed out after 5002 milliseconds"]},"error_data":[]}}
2023-02-16T11:23:25+00:00 INFO {"url":"brand-witra.png","data":{"errors":{"http_request_failed":["cURL error 28: Resolving timed out after 5011 milliseconds"]},"error_data":[]}}
2023-02-16T11:23:36+00:00 INFO {"url":"brand-witra.png","data":{"errors":{"http_request_failed":["cURL error 28: Resolving timed out after 5003 milliseconds"]},"error_data":[]}}
2023-02-16T11:24:23+00:00 INFO {"url":"cat-accessories.jpg","data":{"errors":{"http_request_failed":["cURL error 28: Resolving timed out after 5008 milliseconds"]},"error_data":[]}}
2023-02-16T11:24:34+00:00 INFO {"url":"cat-accessories.jpg","data":{"errors":{"http_request_failed":["cURL error 28: Resolving timed out after 5000 milliseconds"]},"error_data":[]}}
2023-02-16T11:24:45+00:00 INFO {"url":"cat-accessories.jpg","data":{"errors":{"http_request_failed":["cURL error 28: Resolving timed out after 5010 milliseconds"]},"error_data":[]}}
2023-02-16T11:24:56+00:00 INFO {"url":"cat-flower.svg","data":{"errors":{"http_request_failed":["cURL error 28: Resolving timed out after 5004 milliseconds"]},"error_data":[]}}
2023-02-16T11:25:07+00:00 INFO {"url":"cat-flower.svg","data":{"errors":{"http_request_failed":["cURL error 28: Resolving timed out after 5006 milliseconds"]},"error_data":[]}}
2023-02-16T11:25:18+00:00 INFO {"url":"cat-flower.svg","data":{"errors":{"http_request_failed":["cURL error 28: Resolving timed out after 5013 milliseconds"]},"error_data":[]}}
2023-02-16T11:25:30+00:00 INFO {"url":"size-guide-2.svg","data":{"errors":{"http_request_failed":["cURL error 28: Resolving timed out after 5011 milliseconds"]},"error_data":[]}}
2023-02-16T11:25:41+00:00 INFO {"url":"size-guide-2.svg","data":{"errors":{"http_request_failed":["cURL error 28: Resolving timed out after 5007 milliseconds"]},"error_data":[]}}
2023-02-16T11:25:52+00:00 INFO {"url":"size-guide-2.svg","data":{"errors":{"http_request_failed":["cURL error 28: Resolving timed out after 5002 milliseconds"]},"error_data":[]}}
2023-02-16T11:26:03+00:00 INFO {"url":"cat-menu-furniture-2.jpg","data":{"errors":{"http_request_failed":["cURL error 28: Resolving timed out after 5011 milliseconds"]},"error_data":[]}}
2023-02-16T11:26:14+00:00 INFO {"url":"cat-menu-furniture-2.jpg","data":{"errors":{"http_request_failed":["cURL error 28: Resolving timed out after 5013 milliseconds"]},"error_data":[]}}
2023-02-16T11:26:25+00:00 INFO {"url":"cat-menu-furniture-2.jpg","data":{"errors":{"http_request_failed":["cURL error 28: Resolving timed out after 5012 milliseconds"]},"error_data":[]}}
2023-02-16T11:26:37+00:00 INFO {"url":"about-us-3-video-2.jpg","data":{"errors":{"http_request_failed":["cURL error 28: Resolving timed out after 5012 milliseconds"]},"error_data":[]}}
2023-02-16T11:26:48+00:00 INFO {"url":"about-us-3-video-2.jpg","data":{"errors":{"http_request_failed":["cURL error 28: Resolving timed out after 5000 milliseconds"]},"error_data":[]}}
2023-02-16T11:26:59+00:00 INFO {"url":"about-us-3-video-2.jpg","data":{"errors":{"http_request_failed":["cURL error 28: Resolving timed out after 5013 milliseconds"]},"error_data":[]}}
2023-02-16T11:27:10+00:00 INFO {"url":"classic-wooden-chair-img-logo.png","data":{"errors":{"http_request_failed":["cURL error 28: Resolving timed out after 5004 milliseconds"]},"error_data":[]}}
2023-02-16T11:27:21+00:00 INFO {"url":"classic-wooden-chair-img-logo.png","data":{"errors":{"http_request_failed":["cURL error 28: Resolving timed out after 5005 milliseconds"]},"error_data":[]}}
2023-02-16T11:27:32+00:00 INFO {"url":"classic-wooden-chair-img-logo.png","data":{"errors":{"http_request_failed":["cURL error 28: Resolving timed out after 5012 milliseconds"]},"error_data":[]}}
2023-02-16T11:27:44+00:00 INFO {"url":"brand-witra.png","data":{"errors":{"http_request_failed":["cURL error 28: Resolving timed out after 5014 milliseconds"]},"error_data":[]}}
2023-02-16T11:27:55+00:00 INFO {"url":"brand-witra.png","data":{"errors":{"http_request_failed":["cURL error 28: Resolving timed out after 5007 milliseconds"]},"error_data":[]}}
2023-02-16T11:28:06+00:00 INFO {"url":"brand-witra.png","data":{"errors":{"http_request_failed":["cURL error 28: Resolving timed out after 5011 milliseconds"]},"error_data":[]}}
2023-02-16T11:28:20+00:00 INFO {"url":"cat-menu-furniture-2.jpg","data":{"errors":{"http_request_failed":["cURL error 28: Resolving timed out after 5012 milliseconds"]},"error_data":[]}}
2023-02-16T11:28:31+00:00 INFO {"url":"cat-menu-furniture-2.jpg","data":{"errors":{"http_request_failed":["cURL error 28: Resolving timed out after 5001 milliseconds"]},"error_data":[]}}
2023-02-16T11:28:42+00:00 INFO {"url":"cat-menu-furniture-2.jpg","data":{"errors":{"http_request_failed":["cURL error 28: Resolving timed out after 5000 milliseconds"]},"error_data":[]}}
2023-02-16T11:28:53+00:00 INFO {"url":"cat-menu-fashion-1.svg","data":{"errors":{"http_request_failed":["cURL error 28: Resolving timed out after 5013 milliseconds"]},"error_data":[]}}
2023-02-16T11:29:04+00:00 INFO {"url":"cat-menu-fashion-1.svg","data":{"errors":{"http_request_failed":["cURL error 28: Resolving timed out after 5007 milliseconds"]},"error_data":[]}}
2023-02-16T11:29:15+00:00 INFO {"url":"cat-menu-fashion-1.svg","data":{"errors":{"http_request_failed":["cURL error 28: Resolving timed out after 5010 milliseconds"]},"error_data":[]}}
2023-02-16T11:29:27+00:00 INFO {"url":"cat-menu-fashion-2.svg","data":{"errors":{"http_request_failed":["cURL error 28: Resolving timed out after 5007 milliseconds"]},"error_data":[]}}
2023-02-16T11:29:38+00:00 INFO {"url":"cat-menu-fashion-2.svg","data":{"errors":{"http_request_failed":["cURL error 28: Resolving timed out after 5005 milliseconds"]},"error_data":[]}}
2023-02-16T11:29:41+00:00 INFO {"url":"cat-accessories.jpg","data":{"errors":{"http_request_failed":["cURL error 28: Connection timed out after 5002 milliseconds"]},"error_data":[]}}
2023-02-16T11:29:49+00:00 INFO {"url":"cat-menu-fashion-2.svg","data":{"errors":{"http_request_failed":["cURL error 28: Resolving timed out after 5012 milliseconds"]},"error_data":[]}}
2023-02-16T11:29:49+00:00 INFO {"url":"cat-accessories.jpg","data":{"errors":{"http_request_failed":["cURL error 28: Resolving timed out after 5010 milliseconds"]},"error_data":[]}}
2023-02-16T11:29:54+00:00 INFO {"url":"cat-menu-fashion-3.svg","data":{"errors":{"http_request_failed":["cURL error 28: Operation timed out after 5004 milliseconds with 0 out of 0 bytes received"]},"error_data":[]}}
2023-02-16T11:30:00+00:00 INFO {"url":"cat-flower.svg","data":{"errors":{"http_request_failed":["cURL error 28: Resolving timed out after 5008 milliseconds"]},"error_data":[]}}
":[]}}
2023-02-16T11:30:11+00:00 INFO {"url":"cat-menu-fashion-3.svg","data":{"errors":{"http_request_failed":["cURL error 28: Resolving timed out after 5009 milliseconds"]},"error_data":[]}}
2023-02-16T11:30:11+00:00 INFO {"url":"cat-flower.svg","data":{"errors":{"http_request_failed":["cURL error 28: Resolving timed out after 5009 milliseconds"]},"error_data":[]}}
2023-02-16T11:30:22+00:00 INFO {"url":"cat-flower.svg","data":{"errors":{"http_request_failed":["cURL error 28: Resolving timed out after 5013 milliseconds"]},"error_data":[]}}
2023-02-16T11:30:22+00:00 INFO {"url":"cat-menu-fashion-4.svg","data":{"errors":{"http_request_failed":["cURL error 28: Resolving timed out after 5009 milliseconds"]},"error_data":[]}}
2023-02-16T11:30:34+00:00 INFO {"url":"cat-menu-fashion-4.svg","data":{"errors":{"http_request_failed":["cURL error 28: Resolving timed out after 5014 milliseconds"]},"error_data":[]}}
2023-02-16T11:30:34+00:00 INFO {"url":"size-guide-2.svg","data":{"errors":{"http_request_failed":["cURL error 28: Resolving timed out after 5004 milliseconds"]},"error_data":[]}}
2023-02-16T11:30:45+00:00 INFO {"url":"size-guide-2.svg","data":{"errors":{"http_request_failed":["cURL error 28: Resolving timed out after 5003 milliseconds"]},"error_data":[]}}
2023-02-16T11:30:45+00:00 INFO {"url":"cat-menu-fashion-4.svg","data":{"errors":{"http_request_failed":["cURL error 28: Resolving timed out after 5004 milliseconds"]},"error_data":[]}}
2023-02-16T11:30:56+00:00 INFO {"url":"size-guide-2.svg","data":{"errors":{"http_request_failed":["cURL error 28: Resolving timed out after 5001 milliseconds"]},"error_data":[]}}
2023-02-16T11:30:56+00:00 INFO {"url":"cat-menu-fashion-5.svg","data":{"errors":{"http_request_failed":["cURL error 28: Resolving timed out after 5007 milliseconds"]},"error_data":[]}}
2023-02-16T11:31:07+00:00 INFO {"url":"cat-menu-furniture-2.jpg","data":{"errors":{"http_request_failed":["cURL error 28: Resolving timed out after 5004 milliseconds"]},"error_data":[]}}
2023-02-16T11:31:07+00:00 INFO {"url":"cat-menu-fashion-5.svg","data":{"errors":{"http_request_failed":["cURL error 28: Resolving timed out after 5012 milliseconds"]},"error_data":[]}}
2023-02-16T11:31:18+00:00 INFO {"url":"cat-menu-furniture-2.jpg","data":{"errors":{"http_request_failed":["cURL error 28: Resolving timed out after 5001 milliseconds"]},"error_data":[]}}
2023-02-16T11:31:18+00:00 INFO {"url":"cat-menu-fashion-5.svg","data":{"errors":{"http_request_failed":["cURL error 28: Resolving timed out after 5001 milliseconds"]},"error_data":[]}}
2023-02-16T11:31:29+00:00 INFO {"url":"cat-menu-fashion-6.svg","data":{"errors":{"http_request_failed":["cURL error 28: Resolving timed out after 5005 milliseconds"]},"error_data":[]}}
2023-02-16T11:31:29+00:00 INFO {"url":"cat-menu-furniture-2.jpg","data":{"errors":{"http_request_failed":["cURL error 28: Resolving timed out after 5013 milliseconds"]},"error_data":[]}}
2023-02-16T11:31:40+00:00 INFO {"url":"about-us-3-video-2.jpg","data":{"errors":{"http_request_failed":["cURL error 28: Resolving timed out after 5013 milliseconds"]},"error_data":[]}}
2023-02-16T11:31:40+00:00 INFO {"url":"cat-menu-fashion-6.svg","data":{"errors":{"http_request_failed":["cURL error 28: Resolving timed out after 5014 milliseconds"]},"error_data":[]}}
2023-02-16T11:31:52+00:00 INFO {"url":"about-us-3-video-2.jpg","data":{"errors":{"http_request_failed":["cURL error 28: Resolving timed out after 5003 milliseconds"]},"error_data":[]}}
2023-02-16T11:31:52+00:00 INFO {"url":"cat-menu-fashion-6.svg","data":{"errors":{"http_request_failed":["cURL error 28: Resolving timed out after 5002 milliseconds"]},"error_data":[]}}
2023-02-16T11:32:03+00:00 INFO {"url":"about-us-3-video-2.jpg","data":{"errors":{"http_request_failed":["cURL error 28: Resolving timed out after 5001 milliseconds"]},"error_data":[]}}
2023-02-16T11:32:03+00:00 INFO {"url":"wd-ship-1.jpg","data":{"errors":{"http_request_failed":["cURL error 28: Resolving timed out after 5000 milliseconds"]},"error_data":[]}}
2023-02-16T11:32:14+00:00 INFO {"url":"wd-ship-1.jpg","data":{"errors":{"http_request_failed":["cURL error 28: Resolving timed out after 5004 milliseconds"]},"error_data":[]}}
2023-02-16T11:32:14+00:00 INFO {"url":"classic-wooden-chair-img-logo.png","data":{"errors":{"http_request_failed":["cURL error 28: Resolving timed out after 5011 milliseconds"]},"error_data":[]}}
2023-02-16T11:32:25+00:00 INFO {"url":"brand-witra.png","data":{"errors":{"http_request_failed":["cURL error 28: Resolving timed out after 5004 milliseconds"]},"error_data":[]}}
2023-02-16T11:32:25+00:00 INFO {"url":"wd-ship-2.jpg","data":{"errors":{"http_request_failed":["cURL error 28: Resolving timed out after 5011 milliseconds"]},"error_data":[]}}
2023-02-16T11:32:36+00:00 INFO {"url":"brand-witra.png","data":{"errors":{"http_request_failed":["cURL error 28: Resolving timed out after 5002 milliseconds"]},"error_data":[]}}
2023-02-16T11:32:36+00:00 INFO {"url":"wd-ship-2.jpg","data":{"errors":{"http_request_failed":["cURL error 28: Resolving timed out after 5002 milliseconds"]},"error_data":[]}}
2023-02-16T11:32:47+00:00 INFO {"url":"brand-witra.png","data":{"errors":{"http_request_failed":["cURL error 28: Resolving timed out after 5004 milliseconds"]},"error_data":[]}}
2023-02-16T11:32:47+00:00 INFO {"url":"wd-ship-2.jpg","data":{"errors":{"http_request_failed":["cURL error 28: Resolving timed out after 5004 milliseconds"]},"error_data":[]}}
2023-02-16T11:32:58+00:00 INFO {"url":"default-1.jpg","data":{"errors":{"http_request_failed":["cURL error 28: Resolving timed out after 5011 milliseconds"]},"error_data":[]}}
2023-02-16T11:32:58+00:00 INFO {"url":"cat-menu-furniture-2.jpg","data":{"errors":{"http_request_failed":["cURL error 28: Resolving timed out after 5011 milliseconds"]},"error_data":[]}}
2023-02-16T11:33:10+00:00 INFO {"url":"cat-menu-furniture-2.jpg","data":{"errors":{"http_request_failed":["cURL error 28: Resolving timed out after 5010 milliseconds"]},"error_data":[]}}
2023-02-16T11:33:21+00:00 INFO {"url":"cat-menu-furniture-2.jpg","data":{"errors":{"http_request_failed":["cURL error 28: Resolving timed out after 5000 milliseconds"]},"error_data":[]}}
2023-02-16T11:33:21+00:00 INFO {"url":"default-1.jpg","data":{"errors":{"http_request_failed":["cURL error 28: Resolving timed out after 5000 milliseconds"]},"error_data":[]}}
2023-02-16T11:33:32+00:00 INFO {"url":"cat-menu-fashion-1.svg","data":{"errors":{"http_request_failed":["cURL error 28: Resolving timed out after 5000 milliseconds"]},"error_data":[]}}
2023-02-16T11:33:32+00:00 INFO {"url":"preview-decor-1.jpg","data":{"errors":{"http_request_failed":["cURL error 28: Resolving timed out after 5011 milliseconds"]},"error_data":[]}}
2023-02-16T11:33:43+00:00 INFO {"url":"cat-menu-fashion-1.svg","data":{"errors":{"http_request_failed":["cURL error 28: Resolving timed out after 5002 milliseconds"]},"error_data":[]}}
2023-02-16T11:33:54+00:00 INFO {"url":"cat-menu-fashion-1.svg","data":{"errors":{"http_request_failed":["cURL error 28: Resolving timed out after 5000 milliseconds"]},"error_data":[]}}
2023-02-16T11:33:54+00:00 INFO {"url":"preview-decor-1.jpg","data":{"errors":{"http_request_failed":["cURL error 28: Resolving timed out after 5000 milliseconds"]},"error_data":[]}}
2023-02-16T11:34:05+00:00 INFO {"url":"preview-real-estate-1.jpg","data":{"errors":{"http_request_failed":["cURL error 28: Resolving timed out after 5011 milliseconds"]},"error_data":[]}}
2023-02-16T11:34:05+00:00 INFO {"url":"cat-menu-fashion-2.svg","data":{"errors":{"http_request_failed":["cURL error 28: Resolving timed out after 5011 milliseconds"]},"error_data":[]}}
2023-02-16T11:34:17+00:00 INFO {"url":"cat-menu-fashion-2.svg","data":{"errors":{"http_request_failed":["cURL error 28: Resolving timed out after 5008 milliseconds"]},"error_data":[]}}
}
2023-02-16T11:34:28+00:00 INFO {"url":"cat-menu-fashion-2.svg","data":{"errors":{"http_request_failed":["cURL error 28: Resolving timed out after 5001 milliseconds"]},"error_data":[]}}
2023-02-16T11:34:28+00:00 INFO {"url":"preview-real-estate-1.jpg","data":{"errors":{"http_request_failed":["cURL error 28: Resolving timed out after 5001 milliseconds"]},"error_data":[]}}
2023-02-16T11:34:39+00:00 INFO {"url":"cat-menu-fashion-3.svg","data":{"errors":{"http_request_failed":["cURL error 28: Resolving timed out after 5001 milliseconds"]},"error_data":[]}}
2023-02-16T11:34:39+00:00 INFO {"url":"preview-retail-1.jpg","data":{"errors":{"http_request_failed":["cURL error 28: Resolving timed out after 5001 milliseconds"]},"error_data":[]}}
2023-02-16T11:34:50+00:00 INFO {"url":"preview-retail-1.jpg","data":{"errors":{"http_request_failed":["cURL error 28: Resolving timed out after 5000 milliseconds"]},"error_data":[]}}
2023-02-16T11:34:50+00:00 INFO {"url":"cat-menu-fashion-3.svg","data":{"errors":{"http_request_failed":["cURL error 28: Resolving timed out after 5000 milliseconds"]},"error_data":[]}}
2023-02-16T11:35:01+00:00 INFO {"url":"preview-retail-1.jpg","data":{"errors":{"http_request_failed":["cURL error 28: Resolving timed out after 5003 milliseconds"]},"error_data":[]}}
2023-02-16T11:35:01+00:00 INFO {"url":"cat-menu-fashion-3.svg","data":{"errors":{"http_request_failed":["cURL error 28: Resolving timed out after 5003 milliseconds"]},"error_data":[]}}
2023-02-16T11:35:12+00:00 INFO {"url":"cat-menu-fashion-4.svg","data":{"errors":{"http_request_failed":["cURL error 28: Resolving timed out after 5010 milliseconds"]},"error_data":[]}}
2023-02-16T11:35:12+00:00 INFO {"url":"post-3-gallery-2-min.jpg","data":{"errors":{"http_request_failed":["cURL error 28: Resolving timed out after 5010 milliseconds"]},"error_data":[]}}
2023-02-16T11:35:24+00:00 INFO {"url":"post-3-gallery-2-min.jpg","data":{"errors":{"http_request_failed":["cURL error 28: Resolving timed out after 5001 milliseconds"]},"error_data":[]}}
2023-02-16T11:35:24+00:00 INFO {"url":"cat-menu-fashion-4.svg","data":{"errors":{"http_request_failed":["cURL error 28: Resolving timed out after 5001 milliseconds"]},"error_data":[]}}
2023-02-16T11:35:35+00:00 INFO {"url":"cat-menu-fashion-4.svg","data":{"errors":{"http_request_failed":["cURL error 28: Resolving timed out after 5008 milliseconds"]},"error_data":[]}}
2023-02-16T11:35:35+00:00 INFO {"url":"post-3-gallery-2-min.jpg","data":{"errors":{"http_request_failed":["cURL error 28: Resolving timed out after 5007 milliseconds"]},"error_data":[]}}
2023-02-16T11:35:46+00:00 INFO {"url":"cat-menu-fashion-5.svg","data":{"errors":{"http_request_failed":["cURL error 28: Resolving timed out after 5013 milliseconds"]},"error_data":[]}}

2023-02-16T11:35:57+00:00 INFO {"url":"cat-menu-fashion-5.svg","data":{"errors":{"http_request_failed":["cURL error 28: Resolving timed out after 5011 milliseconds"]},"error_data":[]}}
2023-02-16T11:35:57+00:00 INFO {"url":"post-3-gallery-3-min.jpg","data":{"errors":{"http_request_failed":["cURL error 28: Resolving timed out after 5010 milliseconds"]},"error_data":[]}}
2023-02-16T11:36:08+00:00 INFO {"url":"post-3-gallery-3-min.jpg","data":{"errors":{"http_request_failed":["cURL error 28: Resolving timed out after 5003 milliseconds"]},"error_data":[]}}
2023-02-16T11:36:08+00:00 INFO {"url":"cat-menu-fashion-5.svg","data":{"errors":{"http_request_failed":["cURL error 28: Resolving timed out after 5003 milliseconds"]},"error_data":[]}}
2023-02-16T11:36:20+00:00 INFO {"url":"wood-time-icon-1.svg","data":{"errors":{"http_request_failed":["cURL error 28: Resolving timed out after 5008 milliseconds"]},"error_data":[]}}
2023-02-16T11:36:20+00:00 INFO {"url":"cat-menu-fashion-6.svg","data":{"errors":{"http_request_failed":["cURL error 28: Resolving timed out after 5001 milliseconds"]},"error_data":[]}}
2023-02-16T11:36:31+00:00 INFO {"url":"wood-time-icon-1.svg","data":{"errors":{"http_request_failed":["cURL error 28: Resolving timed out after 5005 milliseconds"]},"error_data":[]}}
2023-02-16T11:36:31+00:00 INFO {"url":"cat-menu-fashion-6.svg","data":{"errors":{"http_request_failed":["cURL error 28: Resolving timed out after 5005 milliseconds"]},"error_data":[]}}
2023-02-16T11:36:42+00:00 INFO {"url":"cat-menu-fashion-6.svg","data":{"errors":{"http_request_failed":["cURL error 28: Resolving timed out after 5006 milliseconds"]},"error_data":[]}}
2023-02-16T11:36:53+00:00 INFO {"url":"wood-time-icon-2.svg","data":{"errors":{"http_request_failed":["cURL error 28: Resolving timed out after 5005 milliseconds"]},"error_data":[]}}
2023-02-16T11:36:53+00:00 INFO {"url":"wd-ship-2.jpg","data":{"errors":{"http_request_failed":["cURL error 28: Resolving timed out after 5003 milliseconds"]},"error_data":[]}}
2023-02-16T11:37:04+00:00 INFO {"url":"wd-ship-2.jpg","data":{"errors":{"http_request_failed":["cURL error 28: Resolving timed out after 5008 milliseconds"]},"error_data":[]}}
2023-02-16T11:37:04+00:00 INFO {"url":"wood-time-icon-2.svg","data":{"errors":{"http_request_failed":["cURL error 28: Resolving timed out after 5008 milliseconds"]},"error_data":[]}}
2023-02-16T11:37:15+00:00 INFO {"url":"wd-ship-2.jpg","data":{"errors":{"http_request_failed":["cURL error 28: Resolving timed out after 5004 milliseconds"]},"error_data":[]}}
:[]}}
2023-02-16T11:37:27+00:00 INFO {"url":"wood-time-icon-3.svg","data":{"errors":{"http_request_failed":["cURL error 28: Resolving timed out after 5013 milliseconds"]},"error_data":[]}}
2023-02-16T11:37:27+00:00 INFO {"url":"default-1.jpg","data":{"errors":{"http_request_failed":["cURL error 28: Resolving timed out after 5013 milliseconds"]},"error_data":[]}}
2023-02-16T11:37:38+00:00 INFO {"url":"default-1.jpg","data":{"errors":{"http_request_failed":["cURL error 28: Resolving timed out after 5006 milliseconds"]},"error_data":[]}}
2023-02-16T11:37:38+00:00 INFO {"url":"wood-time-icon-3.svg","data":{"errors":{"http_request_failed":["cURL error 28: Resolving timed out after 5006 milliseconds"]},"error_data":[]}}
2023-02-16T11:37:49+00:00 INFO {"url":"wood-time-icon-3.svg","data":{"errors":{"http_request_failed":["cURL error 28: Resolving timed out after 5004 milliseconds"]},"error_data":[]}}
2023-02-16T11:38:00+00:00 INFO {"url":"wood-time-icon-4.svg","data":{"errors":{"http_request_failed":["cURL error 28: Resolving timed out after 5012 milliseconds"]},"error_data":[]}}
2023-02-16T11:38:00+00:00 INFO {"url":"preview-decor-1.jpg","data":{"errors":{"http_request_failed":["cURL error 28: Resolving timed out after 5013 milliseconds"]},"error_data":[]}}
2023-02-16T11:38:11+00:00 INFO {"url":"preview-decor-1.jpg","data":{"errors":{"http_request_failed":["cURL error 28: Resolving timed out after 5014 milliseconds"]},"error_data":[]}}
2023-02-16T11:38:11+00:00 INFO {"url":"wood-time-icon-4.svg","data":{"errors":{"http_request_failed":["cURL error 28: Resolving timed out after 5014 milliseconds"]},"error_data":[]}}
2023-02-16T11:38:23+00:00 INFO {"url":"preview-decor-1.jpg","data":{"errors":{"http_request_failed":["cURL error 28: Resolving timed out after 5011 milliseconds"]},"error_data":[]}}
2023-02-16T11:38:23+00:00 INFO {"url":"wood-time-icon-4.svg","data":{"errors":{"http_request_failed":["cURL error 28: Resolving timed out after 5011 milliseconds"]},"error_data":[]}}
2023-02-16T11:38:34+00:00 INFO {"url":"wd-chevron.svg","data":{"errors":{"http_request_failed":["cURL error 28: Resolving timed out after 5008 milliseconds"]},"error_data":[]}}
2023-02-16T11:38:34+00:00 INFO {"url":"preview-real-estate-1.jpg","data":{"errors":{"http_request_failed":["cURL error 28: Resolving timed out after 5008 milliseconds"]},"error_data":[]}}
2023-02-16T11:38:45+00:00 INFO {"url":"preview-real-estate-1.jpg","data":{"errors":{"http_request_failed":["cURL error 28: Resolving timed out after 5007 milliseconds"]},"error_data":[]}}
2023-02-16T11:38:56+00:00 INFO {"url":"preview-real-estate-1.jpg","data":{"errors":{"http_request_failed":["cURL error 28: Resolving timed out after 5001 milliseconds"]},"error_data":[]}}
2023-02-16T11:38:56+00:00 INFO {"url":"wd-chevron.svg","data":{"errors":{"http_request_failed":["cURL error 28: Resolving timed out after 5001 milliseconds"]},"error_data":[]}}
2023-02-16T11:39:07+00:00 INFO {"url":"wood-time-icon-1.svg","data":{"errors":{"http_request_failed":["cURL error 28: Resolving timed out after 5008 milliseconds"]},"error_data":[]}}
2023-02-16T11:39:07+00:00 INFO {"url":"preview-retail-1.jpg","data":{"errors":{"http_request_failed":["cURL error 28: Resolving timed out after 5008 milliseconds"]},"error_data":[]}}
2023-02-16T11:39:19+00:00 INFO {"url":"wood-time-icon-1.svg","data":{"errors":{"http_request_failed":["cURL error 28: Resolving timed out after 5008 milliseconds"]},"error_data":[]}}
2023-02-16T11:39:19+00:00 INFO {"url":"preview-retail-1.jpg","data":{"errors":{"http_request_failed":["cURL error 28: Resolving timed out after 5008 milliseconds"]},"error_data":[]}}
2023-02-16T11:39:30+00:00 INFO {"url":"preview-retail-1.jpg","data":{"errors":{"http_request_failed":["cURL error 28: Resolving timed out after 5009 milliseconds"]},"error_data":[]}}
2023-02-16T11:39:30+00:00 INFO {"url":"wood-time-icon-1.svg","data":{"errors":{"http_request_failed":["cURL error 28: Resolving timed out after 5009 milliseconds"]},"error_data":[]}}
2023-02-16T11:39:41+00:00 INFO {"url":"post-example-1-image-1.jpg","data":{"errors":{"http_request_failed":["cURL error 28: Resolving timed out after 5012 milliseconds"]},"error_data":[]}}
2023-02-16T11:39:41+00:00 INFO {"url":"post-example-1-image-1.jpg","data":{"errors":{"http_request_failed":["cURL error 28: Resolving timed out after 5005 milliseconds"]},"error_data":[]}}
2023-02-16T11:39:52+00:00 INFO {"url":"page-title-blog.jpg","data":{"errors":{"http_request_failed":["cURL error 28: Resolving timed out after 5008 milliseconds"]},"error_data":[]}}
